Anthony has ordered:
	x4 French Toast
	x2 Lemonade
	x2 Mango Juice
	x6 Scrambled Eggs With Cheese

Bill has ordered:
	x6 An Entire Horse

David has ordered:
	x2 Chicken Nuggets
	x6 Sweet Tea

Jane has ordered:
	x2 Grapefruit Juice

Joe has ordered:
	x1 Burger With No Honey Mustard

John has ordered:
	x2 Scrambled Eggs With Cheese

Jonathan has ordered:
	x2 Burnt Disgusting Toast
	x2 Water

Lebron James has ordered:
	x1 Nba Grand Slamwich

Mr. Armstrong has ordered:
	x2 Barbeque
	x2 Sweet Tea

Owen has ordered:
	x2 Apple Juice
	x2 Breakfast Sandwich
	x4 Coffee
	x1 Orange Juice

Sally has ordered:
	x2 Soup & Salt
