f
zs
js8
xt;9
76nyl
lm'djK
5k09l4s
9j'2f8tp
,'ma4aj;;
llp0dsf18o
npd703d6ro;
stpllk2gc36p
kf'hf'g5ahl/6
Z;sws'fdKtgols
oloh1n8nnm8d;0,
e76pb7z7kpse8=0s
2e;w3rs',sv94rsk9
oekepnp0b,n;kZlol6
K=n]3dKdf3Khxmr9kd;
ognee8e;w'4/erl;7lto
rw/reww7djn;ssNxloejl
70;iwvf;jds7fo4qK'km;e
fze868rm8f5l;sd;dp3]ah1
kwm,7s4];z1wdp7ml0m3;08p
oZb3ll4a4sffnes6lngmdif9d
ormd0k=w9s0w4nl9''n9sdsffh
fl9ltkjkdnl'6xsmdag8p'p4sc8
d95bll6k5bq;deni,jc'7]4eia6h
sewx=dwf0jwopssKsvektr[ohvsss
'..lajifroo,fppn,6ssvasp=ejj;;
r7;k9len6;bafypk8ti3kl=nKp40pnl
rgblaivsa4a8=io1;oo9dn,koeb'nc,r
xdydgoj9daj,adj-p3k'7h-od7N0ak8z3
3'nlv;2];ke/]tn28s9=w;sfrp;nnZal0k
]7i2,=sx3foed389sp'mjkr1xoniwdkoaps
/ff8fdr06gk;kk9;s,c4af0edk2di2ekxskj
k1dlorfefnshp55dsn3s3k;fnkk0fw2jsaj3[
=t-dsj=-sk'dfwsa4m00pnkp0so;evkfpf=9a;
s3szl77ej0o0plj5d'o90so;f]5f2rk7owN7;lf
kpsmf0;f3pgle=av5e34el0az7.o1ee;dpn5tv7l
4p'cr7]77'el9]2ds/npdffza740N,;s0,on'f745
e;zmf78f30=3ef78a77ls97p8x7'j09af4x0kfzyva
l8lky]7rj7sds2Zpf96jlskns]44Nw'kz6kfknp8/a6
s4dla.3kso4tzwls'apwslcb9f3,ki'jz5erfoK4otfk
a=sko79Kdg[-wp6o9/f;wNg00=]dsowkitsoes0lkwsjv
pdef;i.mm/bsk010adn'dlll20lekzg3Z5s=374fngl3qn
f;f'6se7=ho772'zp0e=;jkasa2od/e80]vd4psn-;9k2kz
p70l4omr32lzscKakbnsd8,swff0a,y;o7d.f8jZfesndw0Z
isl06sded,wweoa;eevspllrfj5;rr/nlevaglj,c4q'q;=ai
k,z-z3d[,vkgajZnk082.gNns'o77lKfyj.0a]03Zf]evdd0sm
drvk=nf3o'qphzadk0kszk7d2gwj,l7=ak8oj,4e4v5'5p9qng;
0d0o'2nfZ9fqitvsip/1sxy2'e=2-po81dhKtosp,lojsnon7vsf
ohflZnde61d;;lgw4fZ;e99n6saazxsocwat4lZxk0kwofxas9Nll
f[0w=fjar0no'nZsw9.9asall4ofgse4k=p=c;an72'';kje'swoml
dsj52/x9lqgwsf;36/phekb4hkwwpex;e-nn=wod4sa70h.74tvna9i
60t20sfk']pewl0spKv7nsnwfs'e]tbzdnds.lfonaz7r5ld-eafwtjd
ewj'h6=o;Nt4alkptk8wN4keel=ks0f9shsjl;dmnc2dd8ssoi]52zZnp
2p;K4[nnt,5in[wdlt8fdn2kp3'08w;c3fr7l5s;gnmkpfo;8nN/.3zf8,
xirlr08s17p;pil,7'6wkdllmn5a'4jr0p'skp23i7'8ds2]y0g9,l9x0sd
ZwNd0sq'ek2w,;rwwllojtndsgmzc8wd'sasl73s8e'ass;8pr97]snlr64,
7j8psgsmpqsde.b4k];'kkstl8w7d;=wygs=Zv-or3e1=fop'0lrfi'l04avf
i3[o8kpnfck6aaffm'kd8sk0o43pdl;we0jwfntm;sow0a8fs7k70jd7970rla
,g=;k;nes'p'l=v;basvj0ffmwsk9wvq0pzdnwl=n/;j2;dmf;=5dvgxakoe5j7