Aaron
Father: Unknown
Mother: Unknown
Sibling: Mary
Amanda
Father: Unknown
Mother: Unknown
Ian
Father: Unknown
Mother: Unknown
Sibling: Mia
Jake
Father: Unknown
Mother: Unknown
John
Father: Jake
Mother: Amanda
Sibling: Mary
Martha
Father: Unknown
Mother: Unknown
Sibling: Mary
Mary
Father: Unknown
Mother: Amanda
Sibling: Aaron
Sibling: John
Sibling: Martha
Sibling: Zeke
Mia
Father: Nigel
Mother: Unknown
Sibling: Ian
Nigel
Father: Jake
Mother: Unknown
Zeke
Father: Unknown
Mother: Unknown
Sibling: Mary