one hundred is ten 
ten is three
three is five
five is four
four is cosmic

nine hundred ninety nine thousand nine hundred ninety nine is fifty 
fifty is five
five is four
four is cosmic

one million is ten 
ten is three
three is five
five is four
four is cosmic

ten two thousand three hundred forty five is thirty five
thirty five is ten 
ten is three
three is five
five is four
four is cosmic

one is three
three is five
five is four
four is cosmic

ten is three
three is five
five is four
four is cosmic

one thousand is ten one
ten one is six
six is three
three is five
five is four
four is cosmic

ten thousand is ten one
ten one is six
six is three
three is five
five is four
four is cosmic

one hundred thousand is ten eight
ten eight is eight
eight is five
five is four
four is cosmic

