100000
 20000
  3000
   400
    50
     6
+-----
123456

10000
   10
+----
10010

1000000000
 200000000
  30000000
   4000000
    500000
     60000
      7000
       800
        90
+---------
1234567890

1000000000
 800000000
  40000000
   7000000
    700000
     30000
      9000
       400
        40
         7
+---------
1847739447

1000000000
 200000000
  50000000
   3000000
    600000
     70000
      8000
       300
        60
         3
+---------
1253678363

1
+
1

10
 1
+-
11

100
 10
  1
+--
111

