*
  a
 b b
c c c
 A
D D
   *
  * *
 * * *
* * * *
      A
     B B
    C C C
   D D D D
  E E E E E
 F F F F F F
G G G G G G G
       A
      B B
     C C C
    D D D D
   E E E E E
  F F F F F F
 G G G G G G G
H H H H H H H H
                            *
                           * *
                          * * *
                         * * * *
                        * * * * *
                       * * * * * *
                      * * * * * * *
                     * * * * * * * *
                    * * * * * * * * *
                   * * * * * * * * * *
                  * * * * * * * * * * *
                 * * * * * * * * * * * *
                * * * * * * * * * * * * *
               * * * * * * * * * * * * * *
              * * * * * * * * * * * * * * *
             * * * * * * * * * * * * * * * *
            * * * * * * * * * * * * * * * * *
           * * * * * * * * * * * * * * * * * *
          * * * * * * * * * * * * * * * * * * *
         * * * * * * * * * * * * * * * * * * * *
        * * * * * * * * * * * * * * * * * * * * *
       * * * * * * * * * * * * * * * * * * * * * *
      * * * * * * * * * * * * * * * * * * * * * * *
     * * * * * * * * * * * * * * * * * * * * * * * *
    * * * * * * * * * * * * * * * * * * * * * * * * *
   * * * * * * * * * * * * * * * * * * * * * * * * * *
  * * * * * * * * * * * * * * * * * * * * * * * * * * *
 * * * * * * * * * * * * * * * * * * * * * * * * * * * *
* * * * * * * * * * * * * * * * * * * * * * * * * * * * *
