1 1
2 16
3 101248
4 100000
5 2
6 4
7 16
8 16
9 52
10 8
11 52
12 16
13 52
14 16
15 40
16 52
17 160
18 16
19 52
20 52
21 88
22 20
23 64
24 52
25 160
26 24
27 88
28 40
29 9232
30 52
31 88
32 160
33 9232
34 32
35 100
36 52
37 160
38 52
39 112
40 88
41 304
42 40
43 9232
44 64
45 196
46 52
47 136
48 160
49 9232
50 48
51 148
52 88
53 232
54 52
55 160
56 9232
57 9232
58 56
59 196
60 88
61 304
62 160
63 184
64 9232
65 9232
66 64
67 196
68 100
69 304
70 68
71 208
72 160
73 9232
74 72
75 9232
76 112
77 340
78 88
79 232
80 304
81 808
82 80
83 244
84 9232
85 9232
86 84
87 256
88 196
89 592
90 88
91 304
92 136
93 9232
94 160
95 280
96 9232
97 9232
98 96
99 9232
100 148
101 448
102 100
103 304
104 232
105 9232
106 104
107 808
108 160
109 9232
110 9232
111 9232
112 9232
113 9232
114 112
115 340
116 196
117 520
118 116
119 352
120 304
121 808
122 160
123 9232
124 184
125 628
126 9232
127 9232
128 9232
129 4372
130 128
131 9232
132 196
133 592
134 132
135 400
136 304
137 916
138 136
139 9232
140 208
141 628
142 160
143 424
144 9232
145 9232
146 144
147 9232
148 9232
149 9232
150 148
151 448
152 340
153 1024
154 152
155 520
156 232
157 9232
158 304
159 472
160 808
161 9232
162 160
163 9232
164 244
165 736
166 9232
167 9232
168 9232
169 9232
170 168
171 4372
172 256
173 9232
174 196
175 520
176 592
177 9232
178 176
179 532
180 304
181 808
182 180
183 544
184 9232
185 9232
186 184
187 628
188 280
189 952
190 9232
191 9232
192 9232
193 4372
194 192
195 9232
196 9232
197 9232
198 196
199 592
200 448
201 9232
202 200
203 1024
204 304
205 916
206 232
207 616
208 9232
209 9232
210 208
211 628
212 808
213 952
214 212
215 640
216 9232
217 9232
218 9232
219 736
220 9232
221 1672
222 9232
223 9232
224 9232
225 9232
226 224
227 4372
228 340
229 1024
230 228
231 688
232 520
233 9232
234 232
235 9232
236 352
237 9232
238 304
239 712
240 808
241 9232
242 240
243 724
244 9232
245 9232
246 244
247 736
248 628
249 1672
250 9232
251 952
252 9232
253 9232
254 9232
255 9232
256 4372
257 13120
258 256
259 9232
260 9232
261 9232
262 260
263 784
264 592
265 9232
266 264
267 9232
268 400
269 1204
270 304
271 808
272 916
273 2752
274 272
275 820
276 9232
277 9232
278 276
279 832
280 628
281 1888
282 280
283 952
284 424
285 9232
286 9232
287 9232
288 9232
289 4372
290 288
291 868
292 9232
293 9232
294 9232
295 9232
296 9232
297 2248
298 296
299 9232
300 448
301 9232
302 340
303 904
304 1024
305 3076
306 304
307 916
308 520
309 1384
310 308
311 928
312 9232
313 9232
314 312
315 9232
316 472
317 1600
318 808
319 952
320 9232
321 9232
322 320
323 964
324 9232
325 9232
326 324
327 976
328 736
329 9232
330 9232
331 1672
332 9232
333 1492
334 9232
335 9232
336 9232
337 9232
338 336
339 9232
340 4372
341 4372
342 340
343 1024
344 9232
345 9232
346 344
347 9232
348 520
349 9232
350 592
351 1048
352 9232
353 9232
354 352
355 9232
356 532
357 1600
358 356
359 1072
360 808
361 9232
362 360
363 2752
364 544
365 1636
366 9232
367 9232
368 9232
369 4192
370 368
371 1108
372 628
373 1672
374 372
375 1120
376 952
377 2536
378 9232
379 9232
380 9232
381 2752
382 9232
383 9232
384 4372
385 13120
386 384
387 1156
388 9232
389 9232
390 9232
391 9232
392 9232
393 9232
394 392
395 2248
396 592
397 9232
398 448
399 1192
400 9232
401 9232
402 400
403 1204
404 1024
405 1816
406 404
407 1216
408 916
409 2752
410 408
411 1384
412 616
413 9232
414 9232
415 9232
416 9232
417 9232
418 416
419 9232
420 628
421 1888
422 808
423 1264
424 952
425 3220
426 424
427 9232
428 640
429 2752
430 9232
431 9232
432 9232
433 4372
434 9232
435 1300
436 736
437 1960
438 9232
439 9232
440 1672
441 2968
442 9232
443 1492
444 9232
445 2248
446 9232
447 9232
448 9232
449 39364
450 448
451 9232
452 4372
453 4372
454 452
455 1360
456 1024
457 3076
458 456
459 9232
460 688
461 9232
462 520
463 1384
464 9232
465 9232
466 464
467 1396
468 9232
469 9232
470 468
471 1408
472 9232
473 9232
474 472
475 1600
476 712
477 3616
478 808
479 1432
480 9232
481 9232
482 480
483 2752
484 724
485 2176
486 9232
487 9232
488 9232
489 9232
490 488
491 4192
492 736
493 9232
494 628
495 1480
496 1672
497 14308
498 9232
499 1492
500 952
501 2248
502 9232
503 9232
504 9232
505 9232
506 9232
507 2752
508 9232
509 2896
510 4372
511 4372
512 13120
513 39364
514 512
515 1540
516 9232
517 9232
518 9232
519 9232
520 9232
521 3508
522 520
523 9232
524 784
525 9232
526 592
527 1576
528 9232
529 9232
530 528
531 1588
532 9232
533 9232
534 532
535 1600
536 1204
537 3616
538 536
539 1816
540 808
541 9232
542 916
543 1624
544 2752
545 9232
546 544
547 1636
548 820
549 2464
550 9232
551 9232
552 9232
553 4192
554 552
555 9232
556 832
557 2500
558 628
559 1672
560 1888
561 8080
562 560
563 1684
564 952
565 2536
566 564
567 1696
568 9232
569 9232
570 9232
571 2752
572 9232
573 2896
574 9232
575 9232
576 4372
577 13120
578 576
579 1732
580 868
581 2608
582 9232
583 9232
584 9232
585 3940
586 9232
587 2968
588 9232
589 9232
590 9232
591 9232
592 2248
593 5992
594 592
595 9232
596 9232
597 9232
598 596
599 1792
600 9232
601 9232
602 600
603 4372
604 904
605 5812
606 1024
607 1816
608 3076
609 9232
610 608
611 9232
612 916
613 2752
614 612
615 1840
616 1384
617 10528
618 616
619 9232
620 928
621 9232
622 9232
623 9232
624 9232
625 9232
626 624
627 1876
628 9232
629 9232
630 628
631 1888
632 1600
633 4264
634 808
635 3616
636 952
637 3220
638 9232
639 9232
640 9232
641 41524
642 640
643 2752
644 964
645 2896
646 9232
647 9232
648 9232
649 4372
650 648
651 9232
652 976
653 9232
654 736
655 1960
656 9232
657 9232
658 9232
659 1972
660 1672
661 2968
662 9232
663 9232
664 1492
665 4480
666 9232
667 2248
668 9232
669 21688
670 9232
671 9232
672 9232
673 39364
674 672
675 2752
676 9232
677 9232
678 4372
679 4372
680 4372
681 5812
682 680
683 39364
684 1024
685 3076
686 9232
687 9232
688 9232
689 6964
690 688
691 9232
692 9232
693 9232
694 692
695 2080
696 9232
697 9232
698 696
699 9232
700 1048
701 3544
702 9232
703 9232
704 9232
705 250504
706 704
707 2116
708 9232
709 9232
710 708
711 2128
712 1600
713 4804
714 712
715 3616
716 1072
717 3220
718 808
719 2152
720 9232
721 9232
722 720
723 2164
724 2752
725 3256
726 724
727 2176
728 1636
729 4912
730 9232
731 2464
732 9232
733 9232
734 9232
735 9232
736 4192
737 11176
738 736
739 9232
740 1108
741 3328
742 740
743 2224
744 1672
745 14308
746 744
747 8080
748 1120
749 4264
750 952
751 2248
752 2536
753 21688
754 9232
755 2260
756 9232
757 9232
758 9232
759 9232
760 2752
761 5128
762 9232
763 2896
764 9232
765 9232
766 4372
767 4372
768 13120
769 39364
770 768
771 2308
772 1156
773 3472
774 9232
775 9232
776 9232
777 9232
778 9232
779 3940
780 9232
781 3508
782 9232
783 9232
784 9232
785 9232
786 784
787 9232
788 2248
789 3544
790 788
791 2368
792 9232
793 9232
794 792
795 9232
796 1192
797 39364
798 9232
799 9232
800 9232
801 12148
802 800
803 4372
804 1204
805 3616
806 1024
807 2416
808 1816
809 39364
810 808
811 9232
812 1216
813 9232
814 916
815 2440
816 2752
817 9232
818 816
819 2452
820 1384
821 3688
822 820
823 2464
824 9232
825 9232
826 9232
827 9232
828 9232
829 4192
830 9232
831 9232
832 9232
833 18952
834 832
835 2500
836 9232
837 9232
838 836
839 2512
840 1888
841 8080
842 840
843 4264
844 1264
845 3796
846 952
847 2536
848 3220
849 8584
850 848
851 9232
852 9232
853 9232
854 852
855 2560
856 2752
857 5776
858 9232
859 2896
860 9232
861 9232
862 9232
863 9232
864 4372
865 13120
866 9232
867 9232
868 1300
869 3904
870 868
871 2608
872 1960
873 190996
874 9232
875 9232
876 9232
877 3940
878 1672
879 2632
880 2968
881 10024
882 9232
883 9232
884 1492
885 3976
886 9232
887 9232
888 2248
889 5992
890 9232
891 21688
892 9232
893 8584
894 9232
895 9232
896 39364
897 39364
898 896
899 2752
900 9232
901 9232
902 4372
903 4372
904 4372
905 9232
906 904
907 5812
908 1360
909 13120
910 1024
911 2728
912 3076
913 9232
914 912
915 9232
916 9232
917 9232
918 916
919 2752
920 9232
921 9232
922 920
923 9232
924 1384
925 10528
926 9232
927 9232
928 9232
929 15856
930 928
931 9232
932 1396
933 4192
934 9232
935 9232
936 9232
937 9232
938 936
939 250504
940 1408
941 9232
942 9232
943 9232
944 9232
945 9556
946 944
947 2836
948 1600
949 4264
950 948
951 2848
952 3616
953 6424
954 952
955 3220
956 1432
957 4840
958 9232
959 9232
960 9232
961 41524
962 960
963 2884
964 2752
965 4336
966 964
967 2896
968 2176
969 9232
970 9232
971 4912
972 9232
973 4372
974 9232
975 9232
976 9232
977 9880
978 976
979 9232
980 4192
981 4408
982 980
983 2944
984 9232
985 9232
986 984
987 3328
988 1480
989 7504
990 1672
991 2968
992 14308
993 15064
994 9232
995 8080
996 1492
997 4480
998 996
999 2992
1000 2248
