Lora George
Tami Mckenzie
Ellis Lawson
Allison Paul
Arturo Bryan
Shannon Olson
Diane Nichols
Brooke Brooks
Kelly Becker
Brittany Moody
Velma Wong
Stephen Curtis
Woodrow Ortiz
Mark Nash
Winifred Pratt
Jermaine Williamson
Orville Rivera
Michelle Barrett
Josefina Guerrero
Blanche Leonard
Josh Jordan
Henrietta Fleming
Floyd Sanchez
Lee Carpenter
Delbert Santos
Wilfred Goodman
Lauren Alexander
Jessie Sims
Ruby Salazar
Tanya Sanders
Patty Johnston
Ernestine Blake
Caroline Byrd
Natasha Harmon
Diana Gonzales
Elias Mckinney
Justin Peterson
Carol Green
Trevor Cortez
Clinton Valdez
Christine Aguilar
Samantha Hines
Robin Stevenson
Elizabeth Phillips
