  A   +
 AAA +++
A   A +

    A      +
   A A     +
  A   A  +++++
 AAAAAAA   +
A       A  +

      A         +
     A A        +
    A   A       +
   A     A   +++++++
  A       A     +
 AAAAAAAAAAA    +
A           A   +

        A            +
       A A           +
      A   A          +
     A     A         +
    A       A    +++++++++
   A         A       +
  A           A      +
 AAAAAAAAAAAAAAA     +
A               A    +

          A               +
         A A              +
        A   A             +
       A     A            +
      A       A           +
     A         A     +++++++++++
    A           A         +
   A             A        +
  A               A       +
 AAAAAAAAAAAAAAAAAAA      +
A                   A     +

