Pratamesh Bhat
Troy Davis
Nikhil Shanmugham
Braden Bronaugh
Alice Johnson
Michael Blake
Samuel Clark
Christina Martin
Anna Scott
Emily Anderson
Sophia Morgan
Matthew Wright
Ethan Brown
Logan Thomas
Megan Lewis
James Turner
Elijah Foster
Rachel Rose
Daniel Moore
Isabella Price
Henry Brooks
Victoria Perry
Adrian Reed
Grace Graham
Sarah Bell
David Fisher
Lucas Butler
Ava Murphy
Olivia Fleming
Chloe Barnes
Harrison Wells
Jack Carpenter
Alexander Jenkins
Liam Shaw
Julia Hall
Benjamin Bailey
Ellie Powell
Olivia Griffin
Jonathan Hughes
Charlie Long
Lilly Cox
Isaac Weaver
Dylan Lowe
Evelynn Wood
Ryan Stewart
Scarlett Garrett
Harper Watson
Thomas Hart
Alex Patterson
Joshua Patton
Sophia Newman
Max Gonzalez
Lily Rodriguez
Eva Reed
Addison Flores
Samantha Pratt
Madison Hughes
Natalie Simmons