Missing evidence: ruler
Missing evidence: paper
Missing evidence: folder
Missing evidence: calculator
Missing evidence: notebook
Missing evidence: pencil
Missing evidence: calculator
Missing evidence: ruler
Missing evidence: notebook
Missing evidence: protractor
Missing evidence: binder
Missing evidence: calculator
Missing evidence: pencil
Missing evidence: book
Missing evidence: notebook
Missing evidence: charger
Missing evidence: notebook
Missing evidence: laptop
Missing evidence: ruler
Missing evidence: protractor
Missing evidence: pen
Missing evidence: binder
Missing evidence: backpack
Missing evidence: ruler
Missing evidence: eraser
Missing evidence: paper
Missing evidence: ruler
Missing evidence: laptop
Missing evidence: pencil
Missing evidence: calculator
Missing evidence: lunchbox
Missing evidence: ruler
Missing evidence: notebook
Missing evidence: backpack
Missing evidence: paper
Missing evidence: ruler
Missing evidence: notebook
Missing evidence: lunchbox
Missing evidence: highlighter
Missing evidence: paper
Missing evidence: pencil
Missing evidence: book
Missing evidence: backpack
Missing evidence: laptop
Missing evidence: ruler
Missing evidence: paper
Missing evidence: backpack
Missing evidence: calculator
Missing evidence: pencil
Missing evidence: paper
Missing evidence: calculator
Missing evidence: water
Missing evidence: notebook
Missing evidence: notebook
Missing evidence: textbook
Missing evidence: water
Missing evidence: pencil
Missing evidence: notebook
Missing evidence: calculator
Missing evidence: backpack
Missing evidence: ruler
Missing evidence: folder
Missing evidence: pencil
Missing evidence: notebook
Missing evidence: book
Missing evidence: calculator
Missing evidence: water
Missing evidence: notebook