Site_A A -> Site_C C $27.50
Site_C E -> Site_B H $39.75
Site_D G -> Site_A D $27.25
Site_A X1 -> Site_B X2 $20.00
Site_C Y2 -> Site_B Y1 $54.50
Site_A X1 -> Site_D Z1 $27.25
Site_B Y3 -> Site_E X3 $47.00
Site_C Z2 -> Site_F Y1 $27.25
Site_1 A1 -> Site_7 F2 $34.75
Site_3 B4 -> Site_6 H2 $27.25
Site_4 C2 -> Site_7 G1 $34.75
Site_5 D4 -> Site_10 A4 $27.25
Site_4 E3 -> Site_8 J3 $81.75
Site_7 F1 -> Site_6 I1 $54.50
Site_9 G2 -> Site_11 B5 $47.25
Site_6 H1 -> Site_2 C1 $27.25
Site_10 I3 -> Site_12 E2 $62.00
Site_3 J1 -> Site_8 D2 $67.00
Site_2 A3 -> Site_8 C4 $47.00
Site_12 B2 -> Site_11 H3 $54.50
Site_1 C3 -> Site_4 F3 $54.50
Site_1 D1 -> Site_9 G1 $47.00
Site_9 E1 -> Site_8 I2 $62.00
Site_1 A1 -> Site_12 B2 $27.25
Site_1 C3 -> Site_3 D4 $128.75
Site_1 E2 -> Site_9 G1 $81.75
Site_2 A4 -> Site_14 F4 $27.25
Site_2 H2 -> Site_10 I2 $74.25
Site_3 F1 -> Site_7 J1 $27.25
Site_3 G3 -> Site_8 H1 $54.50
Site_3 D4 -> Site_11 L1 $74.25
Site_6 E4 -> Site_5 M3 $74.25
Site_6 F3 -> Site_13 N2 $74.25
Site_6 G4 -> Site_13 J3 $74.25
Site_8 B5 -> Site_5 O1 $27.25
Site_7 K1 -> Site_9 M2 $27.25
Site_7 N1 -> Site_9 I3 $47.00
Site_13 L2 -> Site_12 D5 $81.75
Site_8 J4 -> Site_10 A6 $39.75
Site_13 I1 -> Site_10 G2 $81.75
Site_10 J2 -> Site_14 K3 $34.75
Site_5 O2 -> Site_9 L3 $74.25
Site_4 M1 -> Site_11 N1 $27.25
Site_1 A1 -> Site_2 B2 $27.25
Site_2 B3 -> Site_3 C4 $27.25
Site_3 C5 -> Site_4 D7 $74.25
Site_4 D7 -> Site_5 E9 $39.75
Site_5 E9 -> Site_6 F11 $74.25
Site_6 F11 -> Site_7 G13 $74.25
Site_7 G13 -> Site_8 H15 $74.25
Site_8 H15 -> Site_9 I2 $54.50
Site_9 I2 -> Site_10 J4 $54.50
Site_10 J4 -> Site_11 K6 $74.25
Site_11 K6 -> Site_12 L8 $74.25
Site_12 L8 -> Site_13 M10 $74.25
Site_13 M10 -> Site_14 N12 $74.25
Site_14 N12 -> Site_15 O14 $74.25
Site_15 O14 -> Site_16 A15 $27.25
Site_16 A2 -> Site_17 B4 $27.25
Site_17 B4 -> Site_18 C6 $27.25
Site_18 C6 -> Site_19 D8 $34.75
Site_19 D8 -> Site_20 E10 $34.75
Site_20 E10 -> Site_21 F12 $34.75
Site_21 F12 -> Site_22 G14 $34.75
Site_22 G14 -> Site_23 H1 $34.75
Site_23 H1 -> Site_24 I3 $54.50
Site_4 Mafia_R3 -> Site_20 Mafia_Q2 $89.25
Site_29 Mafia_G4 -> Site_23 Mafia_A1 $109.00
Site_29 Mafia_G4 -> Site_17 Mafia_N3 $74.50
Site_22 Mafia_H5 -> Site_18 Mafia_J2 $47.00
Site_21 Mafia_B2 -> Site_8 Mafia_L1 $74.25
Site_1 Mafia_O4 -> Site_12 Mafia_Y2 $81.75
Site_16 Mafia_B4 -> Site_2 Mafia_T3 $34.75
Site_23 Mafia_N2 -> Site_18 Mafia_T1 $101.50
Site_24 Mafia_K2 -> Site_5 Mafia_U1 $81.75
Site_13 Mafia_Q2 -> Site_29 Mafia_C3 $54.50
Site_26 Mafia_W1 -> Site_17 Mafia_E5 $54.50
Site_21 Mafia_B2 -> Site_28 Mafia_L2 $54.50
Site_29 Mafia_G4 -> Site_21 Mafia_X2 $54.50
Site_24 Mafia_E5 -> Site_2 Mafia_T3 $47.25
Site_18 Mafia_T1 -> Site_19 Mafia_W1 $47.00
Site_26 Mafia_H5 -> Site_20 Mafia_Q2 $109.00
Site_10 Mafia_F4 -> Site_22 Mafia_T3 $101.50
Site_18 Mafia_J2 -> Site_9 Mafia_Q4 $54.50
Site_4 Mafia_A3 -> Site_3 Mafia_J2 $62.00
Site_29 Mafia_G4 -> Site_4 Mafia_R3 $74.25
Site_19 Mafia_W1 -> Site_22 Mafia_B4 $54.50
Site_30 Mafia_A3 -> Site_14 Mafia_W4 $81.75
Site_20 Mafia_U2 -> Site_15 Mafia_J2 $74.25
Site_23 Mafia_N4 -> Site_21 Mafia_I4 $54.50
Site_13 Mafia_Q2 -> Site_27 Mafia_X5 $54.50
Site_24 Mafia_R2 -> Site_19 Mafia_W1 $74.25
Site_14 Mafia_J1 -> Site_6 Mafia_T2 $101.50
Site_13 Mafia_Q2 -> Site_14 Mafia_V1 $62.00
Site_7 Mafia_O4 -> Site_27 Mafia_Q4 $62.00
Site_14 Mafia_V1 -> Site_4 Mafia_R3 $81.75