Ain't_No_Love_In_Oklahoma IS A BANGER
Heart_Like_A_Truck IS NOT A BANGER
My_Eyes IS NOT A BANGER
BUTTERFLY_EFFECT IS A BANGER
WAKE_UP IS A BANGER
THANK_GOD IS A BANGER
Beliver IS NOT A BANGER
Thunder IS NOT A BANGER
Dynamite IS NOT A BANGER
Better_Now IS A BANGER
Dance_Monkey IS NOT A BANGER
Memories IS NOT A BANGER
God's_Plan IS A BANGER
茉莉花 IS NOT A BANGER
92_Explorer IS A BANGER
Lean_Wit_Me IS A BANGER
Kiss_Me_Thru_The_Phone IS A BANGER
Only_Girl IS A BANGER
Rude_Boy IS NOT A BANGER
Happier IS NOT A BANGER