Ayaan will serve 2 years!
Henry will serve 38 years!
Jared will serve 4185 years!

Brayden will serve 1100 years!
Simon will serve 30 years!
Steven is innocent.
Yash will serve 701000 years!

Bowen will serve 600 years!
Huy will serve 420 years!
Prat is innocent.
Sam will serve 1 year!
Thanh will serve 2100 years!

Bob will serve 55000 years!
Bobette will serve 1 year!

Andrew will serve 100 years!
Nick will serve 5 years!
Nikhil will serve 20 years!
Nikolai is innocent.
Tristan will serve 50 years!
Victor will serve 4500 years!
Walter will serve 250 years!

Tan will serve 2000 years!

Bertilak will serve 1010 years!
Gawain will serve 1 year!
Leo will serve 14873 years!

Albert will serve 50 years!
Blake will serve 10 years!
Drew will serve 200 years!
Isaac is innocent.
Jonas will serve 40 years!
Kayla will serve 30 years!
Nikoli will serve 300 years!

Ben will serve 90 years!
Zeke will serve 1150 years!
Zeki will serve 2230 years!

Cassio will serve 70 years!
Desdemona will serve 65 years!
Iago will serve 4995 years!
Othello will serve 1998 years!
Roderigo will serve 250 years!