Team One
1. Jared
3. Steven
5. Troy
7. Prat
9. Braden

Team Two
2. Bowen
4. Nikhil
6. Sam
8. Ayaan
10. Henry
----------
Team One
1. JoeMixon
3. CJStroud
5. SauceGardner
7. DeVontaSmith

Team Two
2. TyreekHill
4. LamarJackson
6. JaylenWaddle
8. KadariusToney
----------
Team One
1. TravisScott
3. KanyeWest
5. TaylorSwift
7. DominicFike
9. BrentFaiyaz
11. AaronMay

Team Two
2. ArianaGrande
4. BrunoMars
6. NewJeans
8. KaliUchis
10. IsaiahRashad
12. EllaMai
----------
Team One
1. Diddy

Team Two
2. Diddy2
----------
Team One
1. Diddy

Team Two
2. Diddy2
----------
Team One
1. Diddy

Team Two
2. Diddy2
----------
Team One
1. Diddy2

Team Two
2. Diddy
----------
Team One
1. Diddy

Team Two
2. Diddy2
----------
Team One
1. Diddy

Team Two
2. Diddy2
----------
Team One
1. Diddy2

Team Two
2. Diddy
----------
Team One
1. Diddy

Team Two
2. Diddy2
----------
Team One
1. Diddy

Team Two
2. Diddy2
----------
Team One
1. Diddy

Team Two
2. Diddy2
----------
Not enough players
----------
Team One
1. JoeMixon
3. Diddy6
5. Diddy4
7. Diddy2
9. Daddy

Team Two
2. Diddy9
4. Diddy5
6. Diddy3
8. Diddy1
10. Diddy
----------