12
Beast Angel Nightcrawler
15
Storm Angel Nightcrawler Colossus
1
Nightcrawler Phoenix Storm
27
Angel Banshee Nightcrawler Beast Colossus
4
Iceman Phoenix Banshee
0

1
Wolverine Storm Iceman Colossus Cyclops Beast Nightcrawler
1
Storm Phoenix Nightcrawler
27
Angel Banshee Colossus
10
Angel Banshee Iceman Storm Colossus Cyclops Nightcrawler Beast Phoenix
1
Angel Banshee Wolverine Iceman Colossus Cyclops Nightcrawler Beast Phoenix Storm
1
Angel Banshee Iceman Storm Colossus Wolverine Nightcrawler Beast Cyclops Phoenix
1
Banshee Cyclops Iceman Storm Colossus Wolverine Angel Beast Phoenix Nightcrawler
0

0

0

11
Iceman Colossus Nightcrawler Beast
34
Banshee Cyclops Colossus Beast
