brxzonmi rmxnbozi 
cmpnnhftz fthpnnmcz 
vediqo 
emuwxvcazd wzvcudxmea zdmwxauvec 
unsolvable
abyihquirtt hyiirquabtt ihyuitabtqr iribhquttya qaitrybthui tqrbaiiytuh 
jlquq jluqq jquql ljqqu lqquj qjluq ujlqq uqqjl 
dksfvgheus dshefsvgku fesguvskdh ghdvfuseks hvfksdeugs kdegsvsfhu kedhusvgsf shksfdguve skfgduvshe ukhsfsgved 
ampuxs xsumap 
ceuhin cnhiue hcieun ncihue necihu nihecu uhiecn uichne 
awnjeqe eeanqjw njqaewe wjneeaq wnaeejq wnqaeej 
futgylcxaci gltaycficux icygfcxulta lcyuatcgixf tfgaucycilx txfyuclcgia yxafitucglc 
unsolvable
chjqkdelmy jemcyqldkh khlejycdmq klehqcyjdm mydqchlkej qkhjydclem ylhdmqjkec 
hriztmrrl hrmrrzitl irlhtrmrz lhrrmztri lrrhmiztr rhmrlrzti rrrztimlh rtmhrrizl zrrtrilhm 
chfqothvqx cxqoqhtvfh ofctqhqxvh ohcqxfhtqv qohqchfvxt qvqxochthf xvhqothcfq 
unsolvable
smuzyyyzh umzyzsyyh zzmyyshyu 
cltth ttlch 
kchrdyoylmu kcuyhlmdryo kudyrhlmcyo oycmhdlkryu rkhyylumdoc uckdomylyhr 
krjbm 
hxsnvtne nexhntvs 
afswli ialfsw iwflsa lfiwsa lsaifw sfilwa siaflw wfalsi wsalfi 
nhppyu npphuy phypnu yuhpnp 
xczfvier 
sxdnscd 
sjzeamp 
ajnoclv colnajv cvnloaj jcvnlao jvnlaco ocajvln 
bbhup bhpub bpbuh buphb uhpbb 
unsolvable
jdpvtmy jdpymvt jyvmptd mdjtpyv mdyjvpt tjypmdv 
fpzuymauj fypuazjmu upfauyzmj ymfuzjapu 
geqsfndgsoi gfdinqosegs 
idzgrmtpz irmztgpzd itrpmgdzz mtzzgprdi pztmdrzig pzzdmitrg rpimdzzgt tdimpzrgz zdrztigmp zmrgiztpd 
nwfossdv odvssfwn ondsfvsw swvnfsod vsnsfwdo vsowdsfn 
xetvzqztt 
beyuaqutgp bgqpeutauy buqyaptgeu gyuaepqutb pgyeqatubu pqeyutguab qgyebuatpu upyaegqbut ybuqgtaupe 
unsolvable
ttoelmvvxkk 
petctv 
cfptlejsmy eysfmptcjl tcjfsplyem 
ebotzqnmm emntmbozq etoqmnzbm ezmtbqnmo mmzbotqne oznetbmqm tbemnzoqm 
cyjfujlfo 
jgysoogzt jszgytogo jygtsogzo ootggsjyz otygzsgoj ozoyjgsgt yjztsggoo 
efseu efsue fuese fusee uefes 
crogpo ogcpor opgcro orocgp pogcor prcgoo 
vtmkqhoq 
ctryehqtk ettchkqry etyqcrhkt hecrtytkq hqyttkcer hrqtkcyte kcretythq qertthyck qhyttcker 
chlyn lhcny nychl ycnlh ynhlc 
crqcmfrnx nqcfrcxrm rcrqcfnxm rmcnrcxfq rmqcfrcnx rnmfcxqrc rqcmxfrnc rxqnccrmf 
jizcyvimvw vvymwjzcii wvzcvmijiy 
bgtzwtcwkb bzttwkwgcb gbctwwtbzk gzwkbctwtb tkbczgwbwt wbzcgtbtkw zgbbctwktw 
crmvzhg gchzrvm hvcrzmg rvmhcgz vghrcmz 
bokcycdavn cdakyvonbc dkaocnbvcy nkccvydboa 
eopwk eowpk ewkpo keopw pkwoe wpoek 
idntioglosp osntdlopgii otginpiodsl 
bmvxy bvmxy bymvx yvxmb 
yaaqckhdqsc 
brabyhai brhabyai yhaabbri 
kjwttfartdr 
bnsilslqrf lisqsblfnr lsiflbnrsq nlbrqsflsi rlqsnflisb rsqbfillns silblnsqrf sllnbsrqif 
ohdxwjmyxkf okdfmwjxhxy wdkxxhymjof wmokxfyxjhd 
ucdfstjm 
fkvmp fmvpk kmfpv kpmvf mfkpv mfvkp vfmkp vkpmf 
fhgchlvi hlvfhcgi ichfvlgh lgvhifhc lhhcivgf lvhhfcig vilgchhf vlgchihf 
cnuuxif 
bbpwjavrgd bdgwajbpvr dawgvbrpbj dgbarjvpbw gvrbbjapwd jbgwarpvdb vdwpgbbjra wjvgrbpadb 
lsmmtkyvluu msytumllkuv smykulvmtul uylmtmlskvu 
itcau 
aawvscuu avuwcaus casuwavu caswuvua csauavwu sawvucua uusacwva uvasuacw 
orfczf 
odpjw opdjw 
fdkvxzoguky gzvxduokfyk oxzdgfyvkku vkdfxgokzyu 
btcusw bwsutc stcbwu tsuwbc ubctws utcsbw wbtscu wsubtc wustcb 
fvdyts 
dhzqymdkns kdmnsqyhzd mdqkhdsynz mkszynhddq qynzdmhdsk 
grxtrzqe 
bpkhsfzn fshzkpnb pkhbnzfs pkhfsznb sfnphzkb 
fmxkjiup fpxmjiku ijufpxkm mpkuixfj pfxmijku xmfpikuj 
arhxrj axhrrj hraxrj rjrhxa 
wdpkifvrmw wmvrikfdwp wwfrdkmipv 
gxlvdh hgxvld xlgvdh 
ycuqcnm 
sllnbhxdir 
ahdwy dahwy dawhy yadwh ydwah yhadw 
fbrzmvjco vcrbmojzf vzjcfborm 
sfzrawoyh 
muodkirfjud rdujdoukimf 
esgwy eysgw eywsg gsywe sewgy seygw sywge wgsye wseyg 
marqfw wqmraf 
jrewl rejlw rjlwe weljr werlj wrjle 
ohlgjwpy 
ilsgltqnqkr qrlgtqkslni 
pqfihrezmh 
flnlusfh hfnfusll llunfsfh nlffhuls sfluhfln shlflnuf snhlfufl uhnllsff 
zsamixxqril 
faniemkpdg pakdemnfgi 
hqjbxjn jhbxjnq jjqbnxh jjxbnhq jqnbxhj jxhbnqj qbhjjxn xnjbqhj xqhjjbn 
lfagbg 
cwfwylx fwlwyxc fxwwlyc lcwwxfy wcfylwx wlfwxcy ycwlwxf yfwlcxw yfwwlcx 
fgrzvij fgzijvr gjrifvz izvjrfg 
bhqjwlqteb bhtqwebljq etqhbbljwq leqjhbtwqb ltbbhqqwej lwqjehbqbt qbwhejtqlb qjtwlbebqh 
cjhli 
ikjqtru irqujkt jtriqku jtrqiuk kquirjt qirkutj qjrtkui qjuirtk uqijktr urjtqik 
jfwmzgrmt 
zkxtjn 
kyfctjbtqp qcptktfbjy 
csdcfa 
pmyfrsx xyfsprm 
jtqus sjuqt stjuq 
unsolvable
znwvtdhme 
ccftcrrchyn chrcyncfctr ncyrccthfcr 
fkksy fkkys fskyk kfkys kfsyk kskfy yfksk ykksf ysfkk 
bdxmmbnorm 
kfxopyqcpa 
bryhugitll ghitlulryb lubihgrlyt rlltuhbygi 
hwrqfflksu lrqhsffwuk rfusqlwkhf rkflqhwusf shfkqwfrul wklhffruqs 
ckkmmjd ckmjkmd dmkmckj kcmmdjk kdmjkcm kmckdmj mkcmdkj mkjckdm mmkcjkd 
ndfotrr rdrtnfo rnotfrd tonrfrd trrfodn 
ihmqdseii 
buqptur butruqp pqutubr puqutbr putbqru qbuptur rquutpb 
enjveowgm eoewmjngv jvwomgeen oegjmewnv vjngoeemw vmojwneeg 
qsoycudu sdyoucqu ucsudqyo ydouqsuc 
ghixppmxq gmxxqiphp ixpphmxgq qpxmxpihg xmpiphgxq 
alpklhz lapkzlh lkzhlap llzkpha pzakhll zphllak 
unsolvable
dxtelrn xenrtdl 
auipmsps pipsamsu sapsmuip uppassmi 
mczgzojq mzgojcqz zcqgojmz 
aizutr razitu rtazui taurzi trauzi zatrui ztraui ztuiar 
jqvpr 
unsolvable
cwyirkvusby rsyyubcwikv vykscuiwbyr ysbkyicwuvr 
kaydqch 
bcmdssukaue bsecdkusaum cmadsubksue dmsubckause ssckauembdu ukcsubmsead 
bfsiqyihp bqpihysfi hqpiyifsb qfyiisphb sqiyhbpfi 
cpzbfkbishf fcpibbfhksz ikfbcbpfshz iphbbkzfsfc spibfhbzkcf 
vjvyauhkaa 
drmhfamcsmq hdcmmsqafrm mcdhmrmqafs mdshcmfmqra 
sqfxsp xsqpsf 
aelokhawq heoqaklwa hwqalaoke kqawhoeal oahqelkaw qhloawkae wlqaeokah 
hpqhhh 
bhdmlpr 
aiuboat baiutao iutaaob otabaui tboauia utaioba 
cwkzq 
bmiypufovl flvmbpoiyu ibuvlpmfoy 
gxjwfupoc 
zipppvpzq 
ghzwavv vwgvahz vzgavhw zghwvav 
twooojmbz 
cosyfuhwhd fhdswochyu hywdcfsuoh uydcfoswhh ydhohufwsc yfuhohcwds 
esxfby yxesfb 
axaydjqezz ayjzdeqzxa ayqxzzadje zzejaadxyq 
ajrrhfpl apjflrhr hlrpjafr jlhrarfp jrhrfapl pfrlhrja phraljfr phrrljfa plfrjhar 
dnqwj nqdjw nqwjd nwdqj qnjdw qwjnd 
cjjpkpgs cskpjjpg jjpgscpk jpsgpjkc kgppcjjs pkjjcspg sckgjppj spgpcjjk sppjkgjc 
epxautncmf 
apdztgpt pzdatgtp tzdtapgp 
apefptjfu ffppjueta fuatefjpp pepfuatjf pftajeufp pufjpeaft ufaftpejp ujpfetpaf 
ywtdlg 
ahlpw hlapw lphwa lwahp whapl wlhpa wphla 
bjibges jbsegib sbbiejg 
nwzaxwsv wnazxvws xzwwsavn 
hxfgtopkuk ktgufhpoxk txokkghfpu xufohtkgkp 
zqhacvmje 
mthauhgwb uahwhmgtb 
pgbfv 
ioecs 
agjttj atgtjj jtatgj jtgtaj tjtajg 
dwzwqmywuzl qyumwwdzzwl wqwmzzludwy wqzwlwumzyd wyqmwzudzlw yzdqwzwmwul yzldmuwqwwz zqwumlwydzw 
ekxlw ewxkl exkwl exwkl kewxl lekwx wklxe xlekw 
bgvsf fgsvb gsbvf 
rxxvgq vqgrxx xqgrxv xqgxrv 
xnmhpvgkq 
unsolvable
djvxhd 
guxgoyo gxuoyog ogguxoy ouogxgy ugxooyg xyguogo ygougxo yxgguoo 
eqjre erqej qerje reqej 
unsolvable
aiivj iavji jaiiv jvaii viaji 
dsjsufwqyvl 
nuteasluexv nuuexelvast 
inrrjw nirrwj nrijrw rjwnir rwjrin winrrj 
jblqwkpses wbsespkqlj 
ssnlead 
kkhqmly klykhmq kykmhql lyhmkqk mkkqlyh mqklkyh qlmkyhk 
itmxylxgewr iwtgrylmxex mwxrtyilegx rgltwexiymx xltrwmgxiye xmtwrxyeilg xrelgwiymxt ygixtwmerlx 
erohkkbq okhrqebk qbohkkre 
bvdcavg gvcavbd vgadbvc 
unsolvable
gvxzqtzkqnb 
ddznm dmznd mdndz mzddn 
fkcal 
tavbbasht vsahbtbta 
drpnjg npdgjr pngrdj 
fawpvvjkir 
cuwsbrlcuz 
jorwkduf jrofkuwd kdfujorw rdufokwj rjudokfw rujfkdwo wjdkrfuo wofkjdru 
unsolvable
dfplo ldpof 
nnuowv nnvuow nvwuno ownvun vnwoun vuonwn wuonnv wuvnno 
ftwgpvxt gvwtfxtp tgwxptvf tvtpgxwf twfxtvpg vwtxgtfp 
aecwwtkrpk awcwepkktr ecpwktkraw ekparwktcw etkpcwwkar parcekwkwt pkwctarewk 
biunsce 
eamzx exmza exzma 
lkpokyhzfk 
azhmjqo 
zoknsy 
cehtghzao hhtozagce 
igyyculqqq iuyqqlqgcy 
wemhsdpbhjt 
bugqvwjum 
pgtcxbv vtcxpbg xgcbvtp xtvcbpg 
kdvgptle tgkeldpv 
jskhqwdvn 
lsldx lslxd slxdl xdlls 
bdvmpj bmdjpv bmvjdp dpjvbm jvpmbd pjmdbv vjmdbp vpdmbj 
amnsgfpfomo fomaosmgfpn gmnsofmafop gosmonmfpfa gsoonpfmamf manofgpsfom mpgfnoafmos nfmmpogsoaf ooafpmmfsgn sfpmoanofmg 
comggrtuf mctugrgfo mrfgtcuog tfgrogcmu trcomfggu umgtcgfro 
agxjhkxmqdz jzxkgdqhmax kmhxxgqdajz qgamxdzhjkx 
txvawzysqls 
fbrmuyobw 
bsvbnfsgpnc vsnpbngscbf 
glztktxqhgl gtthlzqlgkx lgztxqltghk lhktlqxgztg lqhgtgztlxk ltzgqhltxkg qzlttghxglk 
dprapnueoo norauppdeo nppoeoradu odeapupnor pdaorepoun peuroondpa poernaopud 
etwyh ewthy heytw hwtye hyewt twyhe wtehy ywhte 
nuqvx qnxvu qvnux uvxnq uxvnq vnqux vqunx vxqun 
unsolvable
jvnzw jznwv njwvz nvzwj nzjwv vwnjz wjznv znjwv zwjnv 
unsolvable
hranuy 
unsolvable
kzaxtq qkxazt xatqkz zkqatx 
unsolvable
fpjiqoselia jqpsfoeaili psiljeioafq sjpqefiailo 
unsolvable
unsolvable
rvpqhopzlgh 
taxzeqrvws 
clfhx clxhf hcfxl hcxlf hfxcl hlxcf hxcfl xclfh xlfch 
emnxvocuw mencuowvx nxewouvmc omwvnxuec oxwuncmev 
eroauuodiou iooeuuauord oeoaiuuduor rduouoioeua uooireduauo uooreauiodu 
zsibh 
agxtyrzvd avrtxdgzy 
ejgulwlmvrh lrwmlhujgve mlvehlwjrug 
kxfsxcrox xosxcfxkr xrcoksxxf xxxsfrokc 
bnewsi ewinsb nweibs 
gxrhbryy rhbyrxgy rhbyryxg rybrxygh ryrxgyhb xhrbyyrg xhrybgyr xyrgbhyr 
afzzoac czoazaf oacazzf zafacoz zazcafo zcazofa 
iikkw kiiwk kikwi kiwik kkiiw kkiwi 
imasijvq 
kbomqp 
fgcohspzun ncgopuhszf 
pcrvycte 
pensdtrnnn rnnepsndtn rtdennpnsn sntpnrnned 
unsolvable
blbbz 
crxedfn fdxrenc nfrecxd rfxdnce 
mjyivjbkud mvbdukjiyj 
lywsnt sltwyn snytlw wlsnty ytlsnw ytwnls 
fubqvveuky fyqubekuvv qbukyveufv uqbueyvkfv uyqbkfvevu vfukebyqvu vkuyqubvef vubquevkfy 
cqgnvw cqvwgn gnvqcw nqvgwc vcngqw vgcqnw vgwncq vqcnwg wgvncq wvcgnq 
oenwyrqbfl 
bkqsrz kqbzrs qkrzbs qrbzks qrbzsk qrzksb sqzbrk srbkqz zbrkqs zkqbrs 
tuhgdpd 
lajerpxr lerprxja lxjrpera realpjxr rjreaplx rlprjexa rxpealjr 
diexsxhlryy dshrieyylxx edsxyxrhliy hlyxsdyxire yyhdrxlsxei 
xaorojxbpvk xvpxooajkbr 
cczmqpbox cpcxqomzb mcqxpczbo mcxczobpq pcqzboxmc pzxmoccqb zpcomxcqb 
ntxjsxvsv nxxvstsjv vxjxvstsn xjvsvsntx 
lajsvthymfp 
afdyzq 
bynfc cfnby fcnby fcnyb fynbc nfybc nyfbc ybcnf 
djnlzfrmkis 
unsolvable
miupkp uimkpp 
aznlrtdiaq lzarnatqdi nitqdarlaz 
alkudshjebg beudlgjakhs bleajukdshg easglhdujkb gbkuhajdles gdkajeublhs guaebhkldsj keudgjblsah klhusgeabjd lgehukjsadb 
budtnsxxerw sutnbwerdxx wuxbetrndsx xtsedxuwnbr 
kjznfqjg njfjgzqk qkgjjzfn zjjnqkfg 
dyzpng gdypnz ndgypz ngdypz pndyzg pzdyng ynzgdp zgdynp znpdgy 
bkpzx kbzxp kxzpb kzpbx 
krmyger 
bwshthcc cwchtbhs hcsbwhtc hwcsbhtc shbhwtcc wchctshb whbhcstc 
gjxsfsiha jsgiahfxs 
ghbunvi 
cknzqu cqunkz kzcunq nqckuz nzkucq qckznu unzkcq znckuq 
hvlpkult lpluvhtk ltplukvh lupthvlk plktuvhl uhplltkv uvkthpll uvtpllkh 
jagrtwwtde 
fmpordnyyz fydzyprnmo 
unsolvable
azbgzwrzlp lzagrbpzzw pzgrzzbwal wrgzapzzlb zbgwalzzpr zglwabrzpz zpagzrzblw zprgzbzawl zzgrpwazbl zzwgazrbpl 
fizpq fziqp pizfq pqzfi qpfzi zfipq zfqip zifqp zqfip 
defyjgso dsoygjfe fyojegsd osejgdfy sfeyjgdo ydgosjfe yfdjgoes yfgdsjoe ygfjoesd 
kmkztfetd kzfttmdke 
ybxbsxzdc 
fvskljylon kyofvljsnl lkfvlysjno olvykljsnf yknslolvjf 
gizwbfw gwiwzfb wgfwbiz wgzwbfi zwbigwf 
cgrpprd dgprprc gpdrrcp pcgrpdr pcrrpdg pdprrcg rdcrppg rgrpcdp 
gskoiqnvwqj njgsqqwivko 
ghjbveakui ijgvkhaebu kbgavjehiu 
azuhtnwlgjm 
alzcg czagl 
eutkhcz eztcuhk hkzcetu htuckez khezuct tcekzuh zhcteku zthekcu 
usebnvv vvneubs 
yuqwwj 
mxatpiihp 
mpycmgih 
ckbqgxrpczw pcxgzrkqwbc qpzxcbgrcwk rqczxkwgbcp 
buneweuh ebnuuwhe eueunbhw nuebwheu uenhbuew wehueunb wuueehbn 
bkzln 
qwkiuotbvg 
nbuiowkb uwnobikb wukbbion 
hfvwnlo ohwfnlv wlonvhf 
bokgnkzlze bozelknzkg kgznzkoble nglkeobzkz ngobkezlkz nkoblzzegk zlnbezgokk zolgknkbez 
crrfexnxl exncrlxrf fnxrelxrc rxcnfxlre rxnexrlfc 
aokowo oowkoa owakoo owaoko owaook owooak wakooo 
ffofxgmnqm fgfmnmofqx fnxffgomqm nfofgmqmfx omfxfqgnfm qfmffgnomx xmqofmfgnf 
oyehajpw wepjaoyh yhjaowpe 
wddoyom 
gmmvvjxbghv 
ypklcqzm 
biiex 
bbqrlzaonn larqnnbozb lbqrzbanon olbqzrbnna ozbnbrnqal zonbranblq zqnnbablro 
rredaao 
ibhamch 
bfupeybq ebbfpuqy fbyuebpq fybubqep fyeubbqp pbuqfbey pyfbqube upfbybqe yefqbubp 
aqnqtpgo onqqgtap pnaqoqtg pqtgoqna qaqgotpn qqtgopna tgqpoaqn 
nmhpwkubz 
hfwkcayvtb 
ideeunwmoip iepdiwmoneu iimeendpwuo ioewdnmuepi 
bdckidp bdikpcd bkiddpc cbpddik dbdpikc pdcibdk 
wvtdta 
egmxvl gxlevm gxveml lgmvex mvgelx xmlegv 
dakrpwfi dkifrawp drpwfaik rakfipwd 
gntxnz gnztxn ngtxzn ntxgzn xznntg zgnxtn ztxnng zxntng zxtngn 
unsolvable
yuaqztifwt 
jdlks 
ahdhefxgnch 
amxvqtaykh hatkqxvmay hkyqmtaaxv vqkmaxayht vyxhaaktmq xktvaqmhay 
bxfncobrqtu cotrnxbqubf ftocbxqubrn ntcrfuqxbob nucrqboftxb qcrxoftnubb rqbfbutnoxc tuxnqcbforb 
yetut 
hxkdwdb 
bzdnll 
hdxihgi 
bxfzycrndc nczdbfycxr zdnfcyrcxb 
csbtx tsbxc xstbc 
bdlferes brdfesle dfeelbrs dfreebsl ebslrdfe fdlrebes fsrdblee ldbferes 
fsyahoq hqfsayo osayfhq 
ptjos 
rxrif 
iptotbvui oipttbvui vitbtuipo 
addjxmwxk adwxmxjkd axddwkxmj axwxddkmj djakxdwmx kmjxxdawd mxdajxkdw xdxwjkdam xmkdxawjd xwxjmdadk 
qguyzpg 
bcztsqkctcu 
zwxcglwxmyn 
gunpmgqrh hnmqgpgur ngpquhrgm pnuqrghmg rhugqnmpg 
zykecdbzele 
fkgnnvua gnvukfna navngkuf nngkfuav nuvkngaf unkfgnav uvnknfag vfngukan vufankng 
nblus 
jhumzrp jmphurz jrumhzp jrzuhpm phzujrm prumhjz rmuphzj uhzmjrp zrmhujp zrupmhj 
zgzkahmjzs 
dtzksvj jdszvtk ksjdtvz sdkvjzt zjdvkts 
etxnhrsxxw hexsnrxwxt rtxswxxhen sxtxnwxhre wrshxtnxex xrwxxsnhet xrxnswhxet xtwshxnexr xtxnsxrewh xtxshwnxre 
qbtgn tbngq tnbqg 
zbxil 
bervznb 
autjdxkbq buqdjkxat djukaxbqt dkujqaxbt duqkxtajb jqkdtbuxa qjauxbdkt tbxqaudjk tdbkxqjua xtjbkaudq 
osragzayje 
cdnjrcitrgt cidrrjgctnt cjrgcitrntd dtricrcjtgn ijccrnrdtgt ijrgccttnrd jrirctdtcgn rccdtnitgjr 
cmtusug csuumgt gmcuuts gmutucs tgumcsu ucgmstu 
dvnonusatk nkatdovusn onuvdkatns onvuasntdk sntavkuodn vndtuoknsa 
tcsgznxlqj 
csyljbqq cysqbljq jlqyqbsc jqqlbcsy jqsclbqy lqcybqsj sycljbqq 
apfrrrj jrprfar pjrrfra raprrjf rpajfrr rpjfarr rprafrj 
mtjthdmq 
djtojd jjoddt jodjtd 
lkqijxz qkjlizx qzxkilj zljkqix zlxqkji 
dgzjqn dnqzgj jdzngq njdgqz 
nvexcr renxvc vrexnc xvnecr 
drqpikyhqa hiqaqpdryk hqkiarqydp qykdahripq 
ncllfxuywk 
izegf 
unsolvable
bqjlwsgcebj bwgeqbjljcs gjqcjlbwbes jbwgbesclqj jceljqbsbgw jwbglcebqsj qlgjjbcebws slcbjqjwbeg 
nwbkhbubsq qbnbubwhks ubqhwnbskb ubswhbknqb wunhsbkbqb 
abbpifu bapuifb bbpfiua bpiafub fbbpaiu fbupbia ifbbupa pbfbaiu pbiafbu 
gihuz hugzi ighuz uihgz 
hlxdywbv 
aoktptqcm ctmtopqka tcpqakmot 
ighlv ilhvg vhlgi vlgih 
frstuyqdgz 
cicgqvx 
qtpyexgf xyqtpgfe 
mucuorw ouwmcur urcwoum 
uwhuuyvx 
ccrptmcjv cpcvrmtjc crjvpmctc jpmtrcccv pcjmrvtcc prmcjccvt rccvtpjcm rcpccmtjv 
hcpkct hpctck htkcpc kctchp kphtcc pctchk pctkch tchkcp tkpcch 
fbvhnhnnf hfvnhnnfb hvffbnnhn vhnhfnbnf vnnbnfhfh 
gqzgkqxxvb xxqvgzqbgk 
bmprxrv mrvbxrp pxvrmrb rbpmrvx rmprbxv vbrxrpm vmrrbpx 
unsolvable
aezlk alezk eakzl ekazl kzael lekaz lkaez lkzea zleka 
exszqfmt fxtqesmz mxqetzfs smxqftez stfqxezm xezsmfqt xmfseztq xmqtfesz xtefsmqz 
muawksfnk wkfamsnuk 
aldidox lxidoda xdldoia 
cawxtkibgw 
cllsrjsllff cslljlrflfs fjlslclrlsf jlfslclfslr lfjrcsslllf llrffsljslc lssfcllfjlr rslclsfjfll slfcfjsllrl 
arcqtybpt aytqrtpbc qytpbtacr 
bymgpcjfpq cbgmpqyfpj cfmgpypqjb fpcqmpbyjg mppjcbqgyf ycfjmbpqgp ygpqcmpjfb 
cqidvvxzt izqvdxvct tvdixvzcq txvcidzvq vvtqxdzic xticdqvzv 
egpkbv gepkbv vkegpb 
bysfqqs qbfsqys qfybqss qysbfsq sqqfsby sqsbyqf ssfybqq yqsbsfq ysqbsfq 
gzrpoxmk kxpmzgor kzmorpxg oxzkgpmr rxpgkzmo zkxpogmr zmoprkxg 
bmtpxgpu 
emxfxjhsuj jjxmusfxeh xumsjhxjef 
hkuxu hxuuk kuhxu uhxuk uukxh xhuuk xkuhu 
lvsrqxhbwq rxlbshwqvq vhsbrwqlxq vqshblqwrx vqshxqrwbl vwsrlqxqbh xqqwsbrlhv xqvhrlwbsq 
cqtvfq qftqcv qvtfcq vctqfq 
hahusj hhuasj hjhuas 
guvszlhhul gzhslvhuul lgvuulhzsh llhuvghusz lugvsluhzh shhvlglzuu ulvgulzhhs usvlhzguhl vsughzllhu zhulsvghlu 
unsolvable
ctogtojkk gkotktcjo jkkgtootc jktkgotco tkkgtcojo ttjokcgko 
hqyiyuamg qguaiyhmy qyuimyahg yhgquimya 
bgrmlqgzj bjgzlmqgr gmqzjblrg lqrbgzjmg lrqbmgzgj lzgrqjmbg mgrjblqgz mlrqzgbgj zmgqgbrjl 
bnyxizw bnyzwix bxzyniw byxnwiz bzynwxi ibnyzxw wbyxizn xzniybw zbxnwiy znbyxiw 
mzypzkxg 
kgrlrf 
zbrsijfzypl zrbspjyzlfi 
ijmdnbhphuv mipbduhhjvn pudbivhhnjm vmidhubjhpn 
dqiiimw idiqmiw idwqimi iiiqdwm imiwqdi qiiwmid wdqimii 
iztas 
bfmemhxwi efmimxbhw femximbwh hbwfxmmie ibefxhmwm mhixwmefb mmxibehwf xbeifhmwm 
jwciytckmuv 
unsolvable
djewwji djijwwe ejiwwjd jdjiwew widjjew 
tmfcqn 
bkhxduucinj inukchudbxj kjnucidhxub xuchkidjnbu 
jcoxwvpqv opjvqcvwx qxvcpwojv vqcxojwvp wovqcvjpx 
wdvrks 
drunlpsanv nlaundpsvr nnduapvslr plsudvrnna pnlvdnusra rnpvdunsla srndlnpauv 
unsolvable
kwrtjxnlxio xnwjxtlriok xtowinkljxr 
unsolvable
gxcykmdktf 
ocixubunc 
dvmfooz mdzfvoo modvfzo ofdvmzo ofmdvzo vfodomz zofdovm 
dgobdizy zgdoiydb 
armnnc 
eqvrzqshoxo eqxvhsroqoz heoqsvrxozq hsveoxozrqq oexorhvsqqz qevqrshzoxo xsqohvreoqz 
iittzpu iuitzpt iztupit pizitut putitiz tiuptzi tizitpu tizitup tuiztip tziputi 
jwlsuw 
ghvic gihcv givhc ichgv vhcgi 
riczirve 
rlgvyfhd 
hihtxf hxthif ihtxfh 
fkjpnz kzjpnf 
ahgvgw hgwavg hgwgav vaghgw vgwgah vwggah wahgvg wvhgga 
hkrqtwq htqrkqw qhrtqwk qqkthrw qtwkrhq thqrkwq tqrwkqh wqhqtkr wqthrkq 
avlvpfubej 
kmfyaazmhpp 
jcqjxjoiu 
unsolvable
fzjaspallq 
cblpdyoikgb dcbikoypblg kcpidlybgob 
unsolvable
bfhjjqnxaim 
gzvoifudbd 
ckqfrzzbsn ksncfqzzbr ksqrnbfzcz qkbszzfnrc rnbzqzcskf zckzbrqnsf 
vcxigyej 
oklmwdkultn 
nuhgbndfu 
peastrsvjy vasrstjyep 
unsolvable
kpvicxml pkmilcxv vkiplcmx xcmplivk xiklcpvm xmckplvi 
mliozsfs simofszl ssilfmzo 
fmyux myfux xfuym xufym xumfy xyfum ymfxu 
hczwoti oztwihc wozithc 
knmzdn mknznd nmznkd nnkmdz nzdnkm zdmnkn zndmkn 
achagvlpms apmasvhglc hcaplagsmv 
bztowtlq otqzwlbt qwboltzt tqozbtlw tzlqbtwo tzqobtlw wzqlbtto zwltotqb 
uqbiyywnsn ysbqynwniu 
depykzowtfb kzetwbfpyod woftebypdzk zfokwdebtpy zopfywdebtk 
gvqwiyswvx qvigxvwwys sigqvxyvww sxwwygvvqi vgwixvwsyq wgisywvqxv xwswvyiqgv yxvvsiqwwg 
qwsnv qwvsn svnwq wnvqs 
mccnptug ungcmcpt 
dtowi dwtio dwtoi idotw idwto itodw tiwod 
bwlerbwefd wlwefbebdr 
atpgw wpgat 
nycmzv 
bfdholqblq fldlbbqhqo fqqbhblldo hlqdqfblob lfolqbdqbh lldfbqoqbh 
unsolvable
qytgyayt ygaqtyyt yttayqgy 
nfeygrzbimx 
autufsibcu bauusfcitu cstbfiuuua subuiftauc suubafituc tuficbauus utfaucisub uusutcibaf 
czvzldz ldzvzcz vzzcdlz zdvclzz zlvzzdc 
toknfwab 
rbdtdsrz rzsddrtb szddtrbr tzrsddbr zsbddrtr 
cwnrqkjqo kqwcqjron onqjcqkwr qjwknoqrc qqjnockwr qrwqckojn 
adyfkvxgi fiaxvgdky 
qswxvfmr 
dipiiv dvpiii iidivp ipidvi ipiidv vidpii 
unsolvable
pscqcshvdn 
yaispxe 
unsolvable
hammt mhmat tamhm 
gaxnlvixlyu nxxvuagylil xxgyunalliv yluaivxglnx yugxvlixaln yvxlgxnuail 
ecmtzfjtmvi 
ajipxnbr anjbrpxi arbpjixn pbxiajnr praxnibj prijaxbn xanrbijp 
ndrpcgp 
fljhxlrjtp jhrfpjtxll rlxjtfljph 
cubpxylzfwy flcwbyyupzx fylczpwxuby lbucypxwfzy lxfpwuyzycb pcybywxuzfl pfylzwbcuyx plbxzuywyfc yfwlzpbyxcu ywfpyczlxbu 
unsolvable
jptcxtoryo jyoxotcrtp pjyoxrctot tjryxcotpo yprototxcj 
kmnyxum kymxnum mkyunxm mmnkyxu nmmykxu 
unsolvable
iitjytf 
icttei tiiect 
unsolvable
afqngiwxfu agxufqinwf anuqfxgfwi gfuqwxfnia iffwnauqgx iqgufxfnaw nwiguxfafq qifwxfugan 
gabaqzkt 
unsolvable
byltxgtfrq fbxytqgltr fxtytlgrbq gqtftrlxyb qyttlxbgrf ttbrlygqxf tyglqrbxtf 
iwbflmdxwes 
fesqzc 
jlxrpgy 
unsolvable
bxpfpklrc cprlbxkpf cxplfrkbp fkbprxclp fxrbpkpcl kbpclrpxf ppcfxrblk rpkbfxclp rppxfcblk 
axnhcupgxrc nhpxurcgxca npxccuxrhag unxprcxcagh xachcnrpgux xncpcuxargh 
kjowjgyzocq ojkwzjgycoq oqwygokcjzj qgcyjozowkj wgjjqyckozo 
batfj fatbj 
qlsnmp qnplsm snlqmp 
unsolvable
evllbq 
unsolvable
vxelqid 
vevqcs 
ditppgumm dmpmgiutp pitugmdpm 
raexstpr raxprste rsxpeart xatrprse 
hagiwuh hguwhia hiwaguh wghihua wguhiha whuiagh 
eeeroisg regesoei sreeeigo 
odrjz 
mvaoiv 
eisxlkgkzsw eszkslikwgx lzskxkegisw sgskiekxlwz xilkseskgwz zxigwelkssk 
kkpznkte kpnztekk ktknkpze nktkzpke pnketkkz 
rqvilclv 
mnkcx 
gbysqsxf qfygxssb qsfxybsg sqbgsxfy sybfsqxg xfsqygbs yfsxsbgq 
buymkvhlm lyummvkbh ukvbhlmmy 
ivnrkqz kivzqrn kzvrniq nizqkrv nqirzkv qkvrzni qnrivzk 
apdccak cadcakp cckpdaa ckdacpa cpdacka kdcapac packdca pakccad pcaackd pcaadck 
ctujgpnjj gjnjujcpt gtjpucjjn jjcujpntg jjnjuptcg jncpgjjtu jugjnptjc tcpjjjung ujpjjgnct 
jquqevh qujqhve uhvjqeq ujhvqqe 
cgfzegkyfl gezflkfcyg ggkylcefzf kgyfcefgzl klfygzecgf lgzfekcyfg zgcegflyfk 
ghvtp pgthv phtgv tghvp tgphv 
aiyrxzhpq axiypzhrq ihxraqypz qixazhpry qiyprzhax rpazqyxhi yhxizqpar yrqhpiazx 
jzvkcp zvpkjc 
rtbdyporfw 
nkzxz nkzzx nxzkz nzzxk 
lamdxjysxs 
flcmjautwo jamocflwut lcwfmuotja lwmafucotj ojtlfmwuac olcwujtfam 
hhirpy hirphy hryhpi ihhrpy iyhrhp pyhhri rihyph rphhyi yhhpir yrphhi 
cauijioslga lujiascogia 
ccueriqth cuqeithrc iuechcqtr qteucrich rhtciequc ticuqehcr truhciecq tucircqeh urtheccqi 
bqsqqpz bsqzqqp zspbqqq 
ddklyxwx ddlkxyxw 
wadylyfw wdyalyfw yywldwaf 
fizyuxnjmwn mnfjznwxiyu nfzjiwnmyxu uxmnzfwnjiy wunfzmnjxyi xunfniywjmz zfixjnwuynm 
ixkxkjrvlbo 
skojigfo 
egvweej 
cmeswyin cweyinsm seinycwm 
agzjjs sazgjj sjgjza zajjgs 
gmnysh hsnygm hysmgn mghysn mgsyhn mnghsy nmhygs 
fhmbx fhmxb hbxmf xbhfm xbhmf xmfhb 
elpnuhdj 
egpxut euxtgp geupxt gxpute tpeuxg uetxgp uxpegt uxtgpe xgpeut 
jhqcaxjtkyk 
fdlndrpn fdrdpnln flndpndr lnpfdnrd rlfddnnp 
crjavrxyrbt rbcvrytxraj yxrrrvbjact 
bihlphloac blcholiaph bochhlpail ihcalohplb olhicplhab 
zolpbnfcz 
dofunvmjb mboudfnvj mnojufbdv umbjdvfno 
nghvjqxik 
agpmiudu apidugum gdumauip iduapmug imauugdp mudaipug pguumadi uduampig uidmpuag 
blrqwkkalo kqlrakwlob kralwolbqk wllrkkbaqo 
lqbnqbq 
apvomnr nmvparo nvoarpm rvmopan vpmraon 
ycuiac 
czozijzfrtj jrofzczjzti oijzzztfjrc ozcifzjtzjr tjcorizzfzj zticozfrzjj zzfojitzcjr 
cfhcrk ckhcfr crkcfh hckfcr rhcfkc rhfckc 
laubacdpa 
bbwhlb bwbblh bwhlbb hblwbb hbwblb lbwbbh lwbbbh lwbbhb 
ajajwmwdqp ajwqjdapmw japwwaqmdj jqdawawjmp jwqmdpawja wmpawdjjaq 
jcgginy 
fjysjlyd 
kvumpi mikpvu mpvuki pikvum ukvipm ukvmpi 
agpoeu egaupo eoapug ogaupe pgueoa pougae puaoeg pueoag uapgeo 
jocpppsl 
jlqqvvizs jlvvzqisq vljiqszvq vqzlijsqv zqlqvvisj zvqlsqvji 
ggnpakqn 
fyrnxagv 
ybrkdkq 
fazni fiazn fniza ifzan infza nfaiz nfzai zainf znfai 
zkozs zkzso zoksz zszko 
abftjzsno 
egaztobcqns egstzqcbona oabcetnqgzs secobgzqnat zqgaobtcsen zqgetbcsano 
awirolqdn ldrwanoqi lnioarqwd loirdanwq naliowrqd niwdqralo nlrwodqia qlwadirno rlndawoqi rnwdioqal 
txpuh 
qawpyspjcbd 
xshprlmf 
dmzgh 
ffgjhbi 
lwtkhezh 
mnhintdvda 
cbrnsakexeg grbeseaxnkc grxsenekcba kbragxnsece kxnbeaegrsc sekxrecbnag xcrbegkeans xrbkeagsecn 
onbyshescct 
rovnd rvdno rvndo vrndo 