#######
#     #
# NEW #
#REALI#
# TY  #
#     #
#######
#######
#HI I #
# AM  #
#MIKE #
#     #
#######
Title not compatible with size.
######
#ASDF#
#GHJK#
#LPQO#
#WERL#
######
Title not compatible with size.
############
#          #
#          #
#          #
#          #
# A SD FGH #
#   JKLM   #
#          #
#          #
#          #
#          #
############
############
#          #
#          #
#          #
# A SD FGH #
#JKLM QWERT#
#  YUIOPN  #
# BVCXZ12  #
#          #
#          #
#          #
############
############
#          #
# A SD FGH #
#JKLM QWERT#
#  YUIOPN  #
# BVCXZ12  #
#QWERTYUIOP#
#ASDFGHJKL #
# ZXCVBNM  #
#1234567890#
#          #
############
###
#A#
#S#
#D#
#F#
#G#
#H#
#J#
#K#
#L#
#M#
###
############
#ASDFGHJKLM#
############
#####
#   #
#   #
#RWF#
#PLR#
#FW #
#RFR#
#EF #
#WFW#
#FE #
#   #
#   #
#   #
#####
############
#ASJA DJWF #
# FWRFIRF  #
#  FERLKF  #
#          #
############
