_______________
|             |
|   **     ** |
|  ****   *** |
|             |
|    ^^^      |
|   ^^^^^     |
|   ^^^^^^    |
|    !!!      |
|    !!       |
|    !!   ----|
|-------------|
===============
_______________
|.............|
|...%%.....%%.|
|..%%%%...%%%.|
|.............|
|....@@@......|
|...@@@@@.....|
|...@@@@@@....|
|....[[[......|
|....[[.......|
|....[[...++++|
|+++++++++++++|
===============
_______________
|             |
|             |
|             |
|             |
|             |
|             |
|             |
|             |
|             |
|         ####|
|#############|
===============
_______________
|ooooooooooooo|
|oooBBoooooBBo|
|ooBBBBoooBBBo|
|ooooooooooooo|
|ooooAAAoooooo|
|oooAAAAAooooo|
|oooAAAAAAoooo|
|ooooIIIoooooo|
|ooooIIooooooo|
|ooooIIoooMMMM|
|MMMMMMMMMMMMM|
===============
_______________
|OOOOOOOOOOOOO|
|OOOBBOOOOOBBO|
|OOBBBBOOOBBBO|
|OOOOOOOOOOOOO|
|OOOOAAAOOOOOO|
|OOOAAAAAOOOOO|
|OOOAAAAAAOOOO|
|OOOOMMMOOOOOO|
|OOOOMMOOOOOOO|
|OOOOMMOOOAAAA|
|AAAAAAAAAAAAA|
===============
_______________
|^^^^^^^^^^^^^|
|^^^&&^^^^^&&^|
|^^&&&&^^^&&&^|
|^^^^^^^^^^^^^|
|^^^^***^^^^^^|
|^^^*****^^^^^|
|^^^******^^^^|
|^^^^}}}^^^^^^|
|^^^^}}^^^^^^^|
|^^^^}}^^^,,,,|
|,,,,,,,,,,,,,|
===============
_______________
|*************|
|***$$*****$$*|
|**$$$$***$$$*|
|*************|
|****^^^******|
|***^^^^^*****|
|***^^^^^^****|
|****!!!******|
|****!!*******|
|****!!***,,,,|
|,,,,,,,,,,,,,|
===============
_______________
|<<<<<<<<<<<<<|
|<<<??<<<<<??<|
|<<????<<<???<|
|<<<<<<<<<<<<<|
|<<<<LLL<<<<<<|
|<<<LLLLL<<<<<|
|<<<LLLLLL<<<<|
|<<<<###<<<<<<|
|<<<<##<<<<<<<|
|<<<<##<<<))))|
|)))))))))))))|
===============
_______________
|(((((((((((((|
|((())((((())(|
|(())))((()))(|
|(((((((((((((|
|(((([[[((((((|
|((([[[[[(((((|
|((([[[[[[((((|
|((((]]]((((((|
|((((]](((((((|
|((((]](((}}}}|
|}}}}}}}}}}}}}|
===============
_______________
|0000000000000|
|0000000000000|
|0000000000000|
|0000000000000|
|0000000000000|
|0000000000000|
|0000000000000|
|0000000000000|
|0000000000000|
|0000000000000|
|0000000000000|
===============
