HELLO
E   L
L   L
L   E
OLLEH
WORLD
O   L
R   R
L   O
DLROW
RACECAR
A     A
C     C
E     E
C     C
A     A
RACECAR
THJDJFKSKFJJE
H           J
J           J
D           F
J           K
F           S
K           K
S           F
K           J
F           D
J           J
J           H
EJJFKSKFJDJHT
JKEWIFNEIFNW
K          N
E          F
W          I
I          E
F          N
N          F
E          I
I          W
F          E
N          K
WNFIENFIWEKJ
IENVIENVREVEVW
E            V
N            E
V            V
I            E
E            R
N            V
V            N
R            E
E            I
V            V
E            N
V            E
WVEVERVNEIVNEI
RHRHTEIMACOWEMCLFWMR
H                  M
R                  W
H                  F
T                  L
E                  C
I                  M
M                  E
A                  W
C                  O
O                  C
W                  A
E                  M
M                  I
C                  E
L                  T
F                  H
W                  R
M                  H
RMWFLCMEWOCAMIETHRHR
QWONCEWOIVNINGREONVGEQOINVOIRENV
W                              N
O                              E
N                              R
C                              I
E                              O
W                              V
O                              N
I                              I
V                              O
N                              Q
I                              E
N                              G
G                              V
R                              N
E                              O
O                              E
N                              R
V                              G
G                              N
E                              I
Q                              N
O                              V
I                              I
N                              O
V                              W
O                              E
I                              C
R                              N
E                              O
N                              W
VNERIOVNIOQEGVNOERGNINVIOWECNOWQ
QEIVNRQPVNRQEOIRVNORENOWNNVQKDXABZCZMVCXNMMVMVCXZBV
E                                                 B
I                                                 Z
V                                                 X
N                                                 C
R                                                 V
Q                                                 M
P                                                 V
V                                                 M
N                                                 M
R                                                 N
Q                                                 X
E                                                 C
O                                                 V
I                                                 M
R                                                 Z
V                                                 C
N                                                 Z
O                                                 B
R                                                 A
E                                                 X
N                                                 D
O                                                 K
W                                                 Q
N                                                 V
N                                                 N
V                                                 N
Q                                                 W
K                                                 O
D                                                 N
X                                                 E
A                                                 R
B                                                 O
Z                                                 N
C                                                 V
Z                                                 R
M                                                 I
V                                                 O
C                                                 E
X                                                 Q
N                                                 R
M                                                 N
M                                                 V
V                                                 P
M                                                 Q
V                                                 R
C                                                 N
X                                                 V
Z                                                 I
B                                                 E
VBZXCVMVMMNXCVMZCZBAXDKQVNNWONERONVRIOEQRNVPQRNVIEQ
VVPOIJFEWQFPOIJEWQFPOIJEWQNWFDKFDV
V                                D
P                                F
O                                K
I                                D
J                                F
F                                W
E                                N
W                                Q
Q                                W
F                                E
P                                J
O                                I
I                                O
J                                P
E                                F
W                                Q
Q                                W
F                                E
P                                J
O                                I
I                                O
J                                P
E                                F
W                                Q
Q                                W
N                                E
W                                F
F                                J
D                                I
K                                O
F                                P
D                                V
VDFKDFWNQWEJIOPFQWEJIOPFQWEFJIOPVV
IFJEWNVIEWVFLTRVLKWPLMKECOKFC
F                           F
J                           K
E                           O
W                           C
N                           E
V                           K
I                           M
E                           L
W                           P
V                           W
F                           K
L                           L
T                           V
R                           R
V                           T
L                           L
K                           F
W                           V
P                           W
L                           E
M                           I
K                           V
E                           N
C                           W
O                           E
K                           J
F                           F
CFKOCEKMLPWKLVRTLFVWEIVNWEJFI
INVENLKQDCNIDWUYBYWVVEYTDEW
N                         E
V                         D
E                         T
N                         Y
L                         E
K                         V
Q                         V
D                         W
C                         Y
N                         B
I                         Y
D                         U
W                         W
U                         D
Y                         I
B                         N
Y                         C
W                         D
V                         Q
V                         K
E                         L
Y                         N
T                         E
D                         V
E                         N
WEDTYEVVWYBYUWDINCDQKLNEVNI
