$   587.07 $ 37224.20 $  6236.79
$  1016.41 $ 88378.44 $ 22945.66
$   420.72 $ 21194.56 $  5257.49
$   693.36 $ 34781.28 $  4320.93
$   838.75 $ 72455.00 $  6705.60
$   955.38 $ 94716.48 $  6818.15
$  1418.75 $ 25537.50 $  3008.63
$  1037.23 $ 24893.52 $  3435.83
$   555.75 $ 20507.00 $  2610.06
$  1339.99 $ 90939.34 $ 16619.00
$  1169.84 $107285.60 $ 27301.92
$  1823.78 $101484.12 $ 22656.24
$  1267.67 $124196.32 $ 25311.40
$   978.78 $ 23490.72 $   864.28
$   993.34 $ 49680.32 $  2342.48
$  1913.06 $173675.40 $ 83066.14
$  1103.84 $ 67730.40 $ 18988.05
$   592.10 $ 16710.40 $  1690.13
$   804.60 $ 14982.80 $   198.75
$  1436.37 $142891.52 $ 46420.36
