C PROGRAMMING (COSC-1320)
CALCULUS I (MATH-2313)
CALCULUS II (MATH-2314)
CALCULUS II (MATH-2314)
CALCULUS III (MATH-2315)
COLLEGE ALGEBRA (MATH-1314)
COLLEGE PHYSICS I (PHYS-1301)
COLLEGE PHYSICS I LAB (PHYS-1101)
COLLEGE PHYSICS II (PHYS-1302)
COLLEGE PHYSICS II LAB (PHYS-1102)
COMPUTER ORGANIZATION (COSC-2325)
DIFFERENTIAL EQUATIONS (MATH-2320)
DISCRETE MATHEMATICS (MATH-2305)
ELEMENTARY PHYSICS (PHYS-1310)
ELEMENTARY PHYSICS I (PHYS-1305)
ELEMENTARY PHYSICS I LAB (PHYS-1105)
ELEMENTARY PHYSICS II LAB (PHYS-1107)
ELEMENTARY PHYSICS II LAB (PHYS-1307)
ELEMENTARY STATISTICAL METHODS (MATH-1342)
INTRODUCTION TO COMPUTER PROGRAMMING (COSC-1315)
INTRODUCTION TO COMPUTING (COSC-1301)
LINEAR ALGEBRA (MATH-2318)
MATHEMATICS FOR TEACHERS I (MATH-1350)
MATHEMATICS FOR TEACHERS II (MATH-1351)
PHYSICAL SCIENCE I (PHYS-1315)
PHYSICAL SCIENCE I LAB (PHYS-1115)
PHYSICAL SCIENCE II (PHYS-1317)
PHYSICAL SCIENCE II LAB (PHYS-1117)
PLANE TRIGONOMETRY (MATH-1316)
PRE-CALCULUS MATH (MATH-2312)
PROGRAMMING FUNDAMENTALS I (COSC-1336)
PROGRAMMING FUNDAMENTALS II (COSC-1337)
PROGRAMMING FUNDAMENTALS III (COSC-2336)
SOLAR SYSTEM (PHYS-1304)
SOLAR SYSTEM LAB (PHYS-1104)
UNIVERSITY PHYSICS I (PHYS-2325)
UNIVERSITY PHYSICS I LAB (PHYS-2125)
UNIVERSITY PHYSICS II (PHYS-2326)
UNIVERSITY PHYSICS II LAB (PHYS-2126)
